<?xml version="1.0" encoding="UTF-8"?>
<!-- Generated by org.testng.reporters.JUnitReportReporter -->
<testsuite skipped="0" hostname="LAPTOP-MOMCCORM" name="homepage.HomePage" tests="1" failures="0" timestamp="2022-02-12T09:36:42 IST" time="22.883" errors="0">
  <testcase name="printActualPriceDiscountedPriceDiscountAndProductWithHigherDiscount" time="22.883" classname="homepage.HomePage"/>
  <system-out/>
</testsuite> <!-- homepage.HomePage -->
